Daily commit at Sun Jun 22 16:14:18 UTC 2025
Daily commit at Sun Jun 22 16:30:54 UTC 2025
Daily commit at Mon Jun 23 16:29:43 UTC 2025
Daily commit at Tue Jun 24 16:29:19 UTC 2025
Daily commit at Wed Jun 25 16:30:10 UTC 2025
Daily commit at Thu Jun 26 16:28:31 UTC 2025
Daily commit at Fri Jun 27 16:28:36 UTC 2025
Daily commit at Sat Jun 28 16:26:11 UTC 2025
Daily commit at Sun Jun 29 16:26:10 UTC 2025
Daily commit at Mon Jun 30 16:29:23 UTC 2025
Daily commit at Tue Jul  1 16:29:07 UTC 2025
Daily commit at Wed Jul  2 16:28:33 UTC 2025
Daily commit at Thu Jul  3 16:28:26 UTC 2025
Daily commit at Fri Jul  4 16:27:37 UTC 2025
Daily commit at Sat Jul  5 16:26:03 UTC 2025
Daily commit at Sun Jul  6 16:26:28 UTC 2025
Daily commit at Mon Jul  7 16:29:47 UTC 2025
Daily commit at Tue Jul  8 16:30:03 UTC 2025
Daily commit at Wed Jul  9 16:28:48 UTC 2025
Daily commit at Thu Jul 10 16:30:13 UTC 2025
Daily commit at Fri Jul 11 16:29:07 UTC 2025
Daily commit at Sat Jul 12 16:26:34 UTC 2025
Daily commit at Sun Jul 13 16:26:40 UTC 2025
Daily commit at Mon Jul 14 16:30:31 UTC 2025
Daily commit at Tue Jul 15 16:30:41 UTC 2025
Daily commit at Wed Jul 16 16:31:13 UTC 2025
Daily commit at Thu Jul 17 16:30:41 UTC 2025
Daily commit at Fri Jul 18 16:30:36 UTC 2025
Daily commit at Sat Jul 19 16:27:27 UTC 2025
Daily commit at Sun Jul 20 16:27:17 UTC 2025
Daily commit at Mon Jul 21 16:30:54 UTC 2025
Daily commit at Tue Jul 22 16:31:50 UTC 2025
Daily commit at Wed Jul 23 16:31:29 UTC 2025
Daily commit at Thu Jul 24 16:28:25 UTC 2025
Daily commit at Fri Jul 25 16:30:18 UTC 2025
Daily commit at Sat Jul 26 16:27:34 UTC 2025
Daily commit at Sun Jul 27 16:27:50 UTC 2025
Daily commit at Mon Jul 28 16:32:17 UTC 2025
Daily commit at Tue Jul 29 16:30:38 UTC 2025
Daily commit at Wed Jul 30 16:30:09 UTC 2025
Daily commit at Thu Jul 31 16:31:08 UTC 2025
Daily commit at Fri Aug  1 16:31:55 UTC 2025
Daily commit at Sat Aug  2 16:28:15 UTC 2025
Daily commit at Sun Aug  3 16:28:27 UTC 2025
Daily commit at Mon Aug  4 16:33:26 UTC 2025
Daily commit at Tue Aug  5 16:26:16 UTC 2025
Daily commit at Wed Aug  6 16:31:57 UTC 2025
Daily commit at Thu Aug  7 16:32:19 UTC 2025
Daily commit at Fri Aug  8 16:28:38 UTC 2025
Daily commit at Sat Aug  9 16:27:16 UTC 2025
Daily commit at Sun Aug 10 16:27:32 UTC 2025
